[sync] Bỏ qua ảnh Drive lỗi cho "Gạt tàn đời": Không tải được nội dung Drive. HTTP 401
[sync] Bỏ qua ảnh Drive lỗi cho "Cà Phê Ngủ Ngày": Không tải được nội dung Drive. HTTP 401
[sync] Bỏ qua ảnh Drive lỗi cho "Hai Người Coffee": Không tải được nội dung Drive. HTTP 401
[sync] Bỏ qua ảnh Drive lỗi cho "Đương Cà Phê": Không tải được nội dung Drive. HTTP 401
[sync] Bỏ qua ảnh Drive lỗi cho "Miền Du Mục": Không tải được nội dung Drive. HTTP 401
[sync] Bỏ qua ảnh Drive lỗi cho "Cà phê Tiệm may Nhớ Hoài": Không tải được nội dung Drive. HTTP 401
[sync] Bỏ qua ảnh Drive lỗi cho "Dốc Thị": Không tải được nội dung Drive. HTTP 401
[sync] Bỏ qua ảnh Drive lỗi cho "Hoàng Hôn Chiều": Không tải được nội dung Drive. HTTP 401
[sync] Bỏ qua ảnh Drive lỗi cho "Soho Coffee": Không tải được nội dung Drive. HTTP 401
[sync] Bỏ qua ảnh Drive lỗi cho "Tiệm Cà Phê Túi Mơ To": Không tải được nội dung Drive. HTTP 401
[sync] Bỏ qua ảnh Drive lỗi cho "In The Florest": Không tải được nội dung Drive. HTTP 401
[sync] Bỏ qua ảnh Drive lỗi cho "Cala Lily Dalat": Không tải được nội dung Drive. HTTP 401
[sync] Bỏ qua ảnh Drive lỗi cho "Quán Đương": Không tải được nội dung Drive. HTTP 401
[sync] Bỏ qua ảnh Drive lỗi cho "Gạt tàn đời": Không tải được nội dung Drive. HTTP 401
[sync] Bỏ qua ảnh Drive lỗi cho "Cà Phê Ngủ Ngày": Không tải được nội dung Drive. HTTP 401
[sync] Bỏ qua ảnh Drive lỗi cho "Hai Người Coffee": Không tải được nội dung Drive. HTTP 401
[sync] Bỏ qua ảnh Drive lỗi cho "Đương Cà Phê": Không tải được nội dung Drive. HTTP 401
[sync] Bỏ qua ảnh Drive lỗi cho "Miền Du Mục": Không tải được nội dung Drive. HTTP 401
[sync] Bỏ qua ảnh Drive lỗi cho "Cà phê Tiệm may Nhớ Hoài": Không tải được nội dung Drive. HTTP 401
[sync] Bỏ qua ảnh Drive lỗi cho "Dốc Thị": Không tải được nội dung Drive. HTTP 401
[sync] Bỏ qua ảnh Drive lỗi cho "Hoàng Hôn Chiều": Không tải được nội dung Drive. HTTP 401
[sync] Bỏ qua ảnh Drive lỗi cho "Soho Coffee": Không tải được nội dung Drive. HTTP 401
[sync] Bỏ qua ảnh Drive lỗi cho "Tiệm Cà Phê Túi Mơ To": Không tải được nội dung Drive. HTTP 401
[sync] Bỏ qua ảnh Drive lỗi cho "In The Florest": Không tải được nội dung Drive. HTTP 401
[sync] Bỏ qua ảnh Drive lỗi cho "Cala Lily Dalat": Không tải được nội dung Drive. HTTP 401
[sync] Bỏ qua ảnh Drive lỗi cho "Quán Đương": Không tải được nội dung Drive. HTTP 401
[sync] Bỏ qua ảnh Drive lỗi cho "Gạt tàn đời": Không tải được nội dung Drive. HTTP 401
[sync] Bỏ qua ảnh Drive lỗi cho "Cà Phê Ngủ Ngày": Không tải được nội dung Drive. HTTP 401
[sync] Bỏ qua ảnh Drive lỗi cho "Hai Người Coffee": Không tải được nội dung Drive. HTTP 401
[sync] Bỏ qua ảnh Drive lỗi cho "Đương Cà Phê": Không tải được nội dung Drive. HTTP 401
[sync] Bỏ qua ảnh Drive lỗi cho "Miền Du Mục": Không tải được nội dung Drive. HTTP 401
[sync] Bỏ qua ảnh Drive lỗi cho "Cà phê Tiệm may Nhớ Hoài": Không tải được nội dung Drive. HTTP 401
[sync] Bỏ qua ảnh Drive lỗi cho "Dốc Thị": Không tải được nội dung Drive. HTTP 401
[sync] Bỏ qua ảnh Drive lỗi cho "Hoàng Hôn Chiều": Không tải được nội dung Drive. HTTP 401
[sync] Bỏ qua ảnh Drive lỗi cho "Soho Coffee": Không tải được nội dung Drive. HTTP 401
[sync] Bỏ qua ảnh Drive lỗi cho "Tiệm Cà Phê Túi Mơ To": Không tải được nội dung Drive. HTTP 401
[sync] Bỏ qua ảnh Drive lỗi cho "In The Florest": Không tải được nội dung Drive. HTTP 401
[sync] Bỏ qua ảnh Drive lỗi cho "Cala Lily Dalat": Không tải được nội dung Drive. HTTP 401
[sync] Bỏ qua ảnh Drive lỗi cho "Quán Đương": Không tải được nội dung Drive. HTTP 401
